<?xml version="1.0" encoding="UTF-8" standalone="no"?>
<!DOCTYPE log SYSTEM "logger.dtd">
<log>
<record>
  <date>2020-04-28T08:41:09.506952800Z</date>
  <millis>1588063269506</millis>
  <nanos>952800</nanos>
  <sequence>0</sequence>
  <logger>ru.mai.FootballChampionship</logger>
  <level>INFO</level>
  <class>ru.mai.FootballChampionship</class>
  <method>main</method>
  <thread>1</thread>
  <message>Начала работы</message>
</record>
<record>
  <date>2020-04-28T08:41:09.554825Z</date>
  <millis>1588063269554</millis>
  <nanos>825000</nanos>
  <sequence>1</sequence>
  <logger>ru.mai.FootballChampionship</logger>
  <level>INFO</level>
  <class>ru.mai.FootballChampionship</class>
  <method>main</method>
  <thread>1</thread>
  <message>Корректно завершилась работа</message>
</record>
</log>
